  [1m[35m (46.0ms)[0m  [1m[35mCREATE TABLE "schema_migrations" ("version" character varying NOT NULL PRIMARY KEY)[0m
  [1m[35m (20.8ms)[0m  [1m[35mCREATE TABLE "ar_internal_metadata" ("key" character varying NOT NULL PRIMARY KEY, "value" character varying, "created_at" timestamp NOT NULL, "updated_at" timestamp NOT NULL)[0m
  [1m[35m (22.3ms)[0m  [1m[34mSELECT pg_try_advisory_lock(6834543317304979815);[0m
  [1m[35m (0.9ms)[0m  [1m[34mSELECT "schema_migrations"."version" FROM "schema_migrations" ORDER BY "schema_migrations"."version" ASC[0m
Migrating to CreateSurveys (20170724211057)
  [1m[35m (0.2ms)[0m  [1m[35mBEGIN[0m
  [1m[35m (28.6ms)[0m  [1m[35mCREATE TABLE "surveys" ("id" bigserial primary key, "name" character varying, "question_text" character varying, "created_at" timestamp NOT NULL, "updated_at" timestamp NOT NULL)[0m
  [1m[35mSQL (4.6ms)[0m  [1m[32mINSERT INTO "schema_migrations" ("version") VALUES ($1) RETURNING "version"[0m  [["version", "20170724211057"]]
  [1m[35m (0.9ms)[0m  [1m[35mCOMMIT[0m
  [1m[36mActiveRecord::InternalMetadata Load (1.0ms)[0m  [1m[34mSELECT  "ar_internal_metadata".* FROM "ar_internal_metadata" WHERE "ar_internal_metadata"."key" = $1 LIMIT $2[0m  [["key", "environment"], ["LIMIT", 1]]
  [1m[35m (0.2ms)[0m  [1m[35mBEGIN[0m
  [1m[35mSQL (1.4ms)[0m  [1m[32mINSERT INTO "ar_internal_metadata" ("key", "value", "created_at", "updated_at") VALUES ($1, $2, $3, $4) RETURNING "key"[0m  [["key", "environment"], ["value", "development"], ["created_at", "2017-07-24 21:15:37.118642"], ["updated_at", "2017-07-24 21:15:37.118642"]]
  [1m[35m (0.4ms)[0m  [1m[35mCOMMIT[0m
  [1m[35m (0.4ms)[0m  [1m[34mSELECT pg_advisory_unlock(6834543317304979815)[0m
  [1m[35m (6.1ms)[0m  [1m[34mSELECT "schema_migrations"."version" FROM "schema_migrations" ORDER BY "schema_migrations"."version" ASC[0m
Started GET "/" for 127.0.0.1 at 2017-07-24 17:16:57 -0400
  [1m[35m (1.7ms)[0m  [1m[34mSELECT "schema_migrations"."version" FROM "schema_migrations" ORDER BY "schema_migrations"."version" ASC[0m
Processing by Rails::WelcomeController#index as HTML
  Rendering /Users/ezekielsilverstein/.rvm/gems/ruby-2.4.0/gems/railties-5.1.2/lib/rails/templates/rails/welcome/index.html.erb
  Rendered /Users/ezekielsilverstein/.rvm/gems/ruby-2.4.0/gems/railties-5.1.2/lib/rails/templates/rails/welcome/index.html.erb (4.6ms)
Completed 200 OK in 23ms (Views: 11.9ms | ActiveRecord: 0.0ms)


Started GET "/surveys" for 127.0.0.1 at 2017-07-24 17:17:04 -0400
Processing by SurveysController#index as HTML
  Rendering surveys/index.html.erb within layouts/application
  [1m[36mSurvey Load (2.2ms)[0m  [1m[34mSELECT "surveys".* FROM "surveys"[0m
  Rendered surveys/index.html.erb within layouts/application (26.6ms)
Completed 200 OK in 878ms (Views: 850.0ms | ActiveRecord: 16.1ms)


Started GET "/surveys/new" for 127.0.0.1 at 2017-07-24 17:17:08 -0400
Processing by SurveysController#new as HTML
  Rendering surveys/new.html.erb within layouts/application
  Rendered surveys/_form.html.erb (7.7ms)
  Rendered surveys/new.html.erb within layouts/application (11.6ms)
Completed 200 OK in 61ms (Views: 29.0ms | ActiveRecord: 20.5ms)


Started POST "/surveys" for 127.0.0.1 at 2017-07-24 17:17:09 -0400
Processing by SurveysController#create as HTML
  Parameters: {"utf8"=>"✓", "authenticity_token"=>"KYx1nVbsOWQJVWp+9/F4VLC/e3t4BAP7SjRpyrmDJWUFDjRHWHIHfpgeThSG7w2Qc6gq0bSbs/PZsvMzxirgZw==", "commit"=>"Create Survey"}
  [1m[35m (0.1ms)[0m  [1m[35mBEGIN[0m
  [1m[35mSQL (12.7ms)[0m  [1m[32mINSERT INTO "surveys" ("created_at", "updated_at") VALUES ($1, $2) RETURNING "id"[0m  [["created_at", "2017-07-24 21:17:09.463048"], ["updated_at", "2017-07-24 21:17:09.463048"]]
  [1m[35m (17.3ms)[0m  [1m[35mCOMMIT[0m
Redirected to http://localhost:3000/surveys/1
Completed 302 Found in 35ms (ActiveRecord: 30.1ms)


Started GET "/surveys/1" for 127.0.0.1 at 2017-07-24 17:17:09 -0400
Processing by SurveysController#show as HTML
  Parameters: {"id"=>"1"}
  [1m[36mSurvey Load (17.6ms)[0m  [1m[34mSELECT  "surveys".* FROM "surveys" WHERE "surveys"."id" = $1 LIMIT $2[0m  [["id", 1], ["LIMIT", 1]]
  Rendering surveys/show.html.erb within layouts/application
  Rendered surveys/show.html.erb within layouts/application (0.7ms)
Completed 200 OK in 43ms (Views: 17.8ms | ActiveRecord: 17.8ms)


Started GET "/surveys" for 127.0.0.1 at 2017-07-24 17:17:11 -0400
Processing by SurveysController#index as HTML
  Rendering surveys/index.html.erb within layouts/application
  [1m[36mSurvey Load (0.5ms)[0m  [1m[34mSELECT "surveys".* FROM "surveys"[0m
  Rendered surveys/index.html.erb within layouts/application (3.6ms)
Completed 200 OK in 72ms (Views: 62.9ms | ActiveRecord: 0.5ms)


Started GET "/surveys/1/edit" for 127.0.0.1 at 2017-07-24 17:17:12 -0400
Processing by SurveysController#edit as HTML
  Parameters: {"id"=>"1"}
  [1m[36mSurvey Load (0.6ms)[0m  [1m[34mSELECT  "surveys".* FROM "surveys" WHERE "surveys"."id" = $1 LIMIT $2[0m  [["id", 1], ["LIMIT", 1]]
  Rendering surveys/edit.html.erb within layouts/application
  Rendered surveys/_form.html.erb (4.8ms)
  Rendered surveys/edit.html.erb within layouts/application (15.4ms)
Completed 200 OK in 67ms (Views: 60.2ms | ActiveRecord: 0.6ms)


Started GET "/surveys" for 127.0.0.1 at 2017-07-24 17:17:14 -0400
Processing by SurveysController#index as HTML
  Rendering surveys/index.html.erb within layouts/application
  [1m[36mSurvey Load (0.6ms)[0m  [1m[34mSELECT "surveys".* FROM "surveys"[0m
  Rendered surveys/index.html.erb within layouts/application (4.8ms)
Completed 200 OK in 47ms (Views: 43.5ms | ActiveRecord: 0.6ms)


Started DELETE "/surveys/1" for 127.0.0.1 at 2017-07-24 17:17:16 -0400
Processing by SurveysController#destroy as HTML
  Parameters: {"authenticity_token"=>"JS8EPltgRqjEu+lcRNURGvCWb+5pYaXk+VFASh3OCUb/Qp+lqqQILVdVvmIOE6vv0oF12q6egh89VBy7dDtzpg==", "id"=>"1"}
  [1m[36mSurvey Load (0.4ms)[0m  [1m[34mSELECT  "surveys".* FROM "surveys" WHERE "surveys"."id" = $1 LIMIT $2[0m  [["id", 1], ["LIMIT", 1]]
  [1m[35m (0.1ms)[0m  [1m[35mBEGIN[0m
  [1m[35mSQL (2.7ms)[0m  [1m[31mDELETE FROM "surveys" WHERE "surveys"."id" = $1[0m  [["id", 1]]
  [1m[35m (2.1ms)[0m  [1m[35mCOMMIT[0m
Redirected to http://localhost:3000/surveys
Completed 302 Found in 10ms (ActiveRecord: 5.3ms)


Started GET "/surveys" for 127.0.0.1 at 2017-07-24 17:17:16 -0400
Processing by SurveysController#index as HTML
  Rendering surveys/index.html.erb within layouts/application
  [1m[36mSurvey Load (0.4ms)[0m  [1m[34mSELECT "surveys".* FROM "surveys"[0m
  Rendered surveys/index.html.erb within layouts/application (2.6ms)
Completed 200 OK in 19ms (Views: 17.5ms | ActiveRecord: 0.4ms)


Started GET "/surveys/new" for 127.0.0.1 at 2017-07-24 17:18:52 -0400
Processing by SurveysController#new as HTML
  Rendering surveys/new.html.erb within layouts/application
  Rendered surveys/_form.html.erb (18.8ms)
  Rendered surveys/new.html.erb within layouts/application (22.6ms)
Completed 200 OK in 50ms (Views: 47.3ms | ActiveRecord: 0.0ms)


Started GET "/surveys" for 127.0.0.1 at 2017-07-24 17:18:53 -0400
Processing by SurveysController#index as HTML
  Rendering surveys/index.html.erb within layouts/application
  [1m[36mSurvey Load (0.9ms)[0m  [1m[34mSELECT "surveys".* FROM "surveys"[0m
  Rendered surveys/index.html.erb within layouts/application (4.0ms)
Completed 200 OK in 48ms (Views: 44.0ms | ActiveRecord: 0.9ms)


Started GET "/surveys/new" for 127.0.0.1 at 2017-07-24 17:19:12 -0400
Processing by SurveysController#new as HTML
  Rendering surveys/new.html.erb within layouts/application
  Rendered surveys/_form.html.erb (2.9ms)
  Rendered surveys/new.html.erb within layouts/application (5.5ms)
Completed 200 OK in 37ms (Views: 33.0ms | ActiveRecord: 0.0ms)


Started POST "/surveys" for 127.0.0.1 at 2017-07-24 17:19:16 -0400
Processing by SurveysController#create as HTML
  Parameters: {"utf8"=>"✓", "authenticity_token"=>"e7VKKGiuOzmJW0WenxlqK+jDYl87R6XS3FL8pHZdkDlXNwvyZjAFIxgQYfTuBx/vK9Qz9ffYFdpP1GZdCfRVOw==", "survey"=>{"name"=>"a", "question_text"=>"a"}, "commit"=>"Create Survey"}
Completed 500 Internal Server Error in 1ms (ActiveRecord: 0.0ms)


  
ActiveModel::ForbiddenAttributesError (ActiveModel::ForbiddenAttributesError):
  
app/controllers/surveys_controller.rb:27:in `create'
Started POST "/surveys" for 127.0.0.1 at 2017-07-24 17:19:41 -0400
Processing by SurveysController#create as HTML
  Parameters: {"utf8"=>"✓", "authenticity_token"=>"xQKFAHgmA8/5uI7+Ho9LCweKrbq/4+tYkyZDeYBqWAcfbx6bieJNSmpW2cBUSfH+JZ23jngczKNXIx+I6Z8i5w==", "survey"=>{"name"=>"a", "question_text"=>"a"}, "commit"=>"Create Survey"}
  [1m[35m (0.2ms)[0m  [1m[35mBEGIN[0m
  [1m[35mSQL (0.7ms)[0m  [1m[32mINSERT INTO "surveys" ("name", "question_text", "created_at", "updated_at") VALUES ($1, $2, $3, $4) RETURNING "id"[0m  [["name", "a"], ["question_text", "a"], ["created_at", "2017-07-24 21:19:41.690483"], ["updated_at", "2017-07-24 21:19:41.690483"]]
  [1m[35m (1.3ms)[0m  [1m[35mCOMMIT[0m
Redirected to http://localhost:3000/surveys/2
Completed 302 Found in 22ms (ActiveRecord: 5.3ms)


Started GET "/surveys/2" for 127.0.0.1 at 2017-07-24 17:19:41 -0400
Processing by SurveysController#show as HTML
  Parameters: {"id"=>"2"}
  [1m[36mSurvey Load (0.5ms)[0m  [1m[34mSELECT  "surveys".* FROM "surveys" WHERE "surveys"."id" = $1 LIMIT $2[0m  [["id", 2], ["LIMIT", 1]]
  Rendering surveys/show.html.erb within layouts/application
  Rendered surveys/show.html.erb within layouts/application (0.8ms)
Completed 200 OK in 23ms (Views: 18.5ms | ActiveRecord: 0.7ms)


Started GET "/surveys" for 127.0.0.1 at 2017-07-24 17:19:43 -0400
Processing by SurveysController#index as HTML
  Rendering surveys/index.html.erb within layouts/application
  [1m[36mSurvey Load (0.8ms)[0m  [1m[34mSELECT "surveys".* FROM "surveys"[0m
  Rendered surveys/index.html.erb within layouts/application (15.5ms)
Completed 200 OK in 56ms (Views: 53.1ms | ActiveRecord: 0.8ms)


Started GET "/surveys" for 127.0.0.1 at 2017-07-24 17:20:26 -0400
Processing by SurveysController#index as HTML
  Rendering surveys/index.html.erb within layouts/application
  [1m[36mSurvey Load (0.3ms)[0m  [1m[34mSELECT "surveys".* FROM "surveys"[0m
  Rendered surveys/index.html.erb within layouts/application (2.3ms)
Completed 200 OK in 24ms (Views: 21.5ms | ActiveRecord: 0.3ms)


Started GET "/surveys" for 127.0.0.1 at 2017-07-24 17:21:23 -0400
Processing by SurveysController#index as HTML
  Rendering surveys/index.html.erb within layouts/application
  [1m[36mSurvey Load (0.4ms)[0m  [1m[34mSELECT "surveys".* FROM "surveys"[0m
  Rendered surveys/index.html.erb within layouts/application (3.8ms)
Completed 200 OK in 50ms (Views: 46.5ms | ActiveRecord: 0.4ms)


Started GET "/surveys" for 127.0.0.1 at 2017-07-24 17:21:33 -0400
Processing by SurveysController#index as HTML
  Rendering surveys/index.html.erb within layouts/application
  [1m[36mSurvey Load (0.4ms)[0m  [1m[34mSELECT "surveys".* FROM "surveys"[0m
  Rendered surveys/index.html.erb within layouts/application (2.4ms)
Completed 200 OK in 27ms (Views: 24.6ms | ActiveRecord: 0.4ms)


Started GET "/surveys/2/edit" for 127.0.0.1 at 2017-07-24 17:21:44 -0400
Processing by SurveysController#edit as HTML
  Parameters: {"id"=>"2"}
  [1m[36mSurvey Load (0.5ms)[0m  [1m[34mSELECT  "surveys".* FROM "surveys" WHERE "surveys"."id" = $1 LIMIT $2[0m  [["id", 2], ["LIMIT", 1]]
  Rendering surveys/edit.html.erb within layouts/application
  Rendered surveys/_form.html.erb (14.6ms)
  Rendered surveys/edit.html.erb within layouts/application (19.5ms)
Completed 200 OK in 69ms (Views: 63.5ms | ActiveRecord: 0.5ms)


Started PATCH "/surveys/2" for 127.0.0.1 at 2017-07-24 17:21:46 -0400
Processing by SurveysController#update as HTML
  Parameters: {"utf8"=>"✓", "authenticity_token"=>"3brGAObpCEFRvjaiIF4rC9G2LOp44VdE0mA1iFovBUb0tTQgihHhTTJYEYC52Om8S6U0Ogh3XNezU02SBnj0xA==", "survey"=>{"name"=>"a", "question_text"=>"b"}, "commit"=>"Update Survey", "id"=>"2"}
  [1m[36mSurvey Load (0.5ms)[0m  [1m[34mSELECT  "surveys".* FROM "surveys" WHERE "surveys"."id" = $1 LIMIT $2[0m  [["id", 2], ["LIMIT", 1]]
  [1m[35m (0.4ms)[0m  [1m[35mBEGIN[0m
  [1m[35mSQL (12.4ms)[0m  [1m[33mUPDATE "surveys" SET "question_text" = $1, "updated_at" = $2 WHERE "surveys"."id" = $3[0m  [["question_text", "b"], ["updated_at", "2017-07-24 21:21:46.838664"], ["id", 2]]
  [1m[35m (5.8ms)[0m  [1m[35mCOMMIT[0m
Redirected to http://localhost:3000/surveys/2
Completed 302 Found in 26ms (ActiveRecord: 19.0ms)


Started GET "/surveys/2" for 127.0.0.1 at 2017-07-24 17:21:46 -0400
Processing by SurveysController#show as HTML
  Parameters: {"id"=>"2"}
  [1m[36mSurvey Load (0.4ms)[0m  [1m[34mSELECT  "surveys".* FROM "surveys" WHERE "surveys"."id" = $1 LIMIT $2[0m  [["id", 2], ["LIMIT", 1]]
  Rendering surveys/show.html.erb within layouts/application
  Rendered surveys/show.html.erb within layouts/application (0.9ms)
Completed 200 OK in 34ms (Views: 30.5ms | ActiveRecord: 0.4ms)


Started GET "/surveys" for 127.0.0.1 at 2017-07-24 17:21:48 -0400
Processing by SurveysController#index as HTML
  Rendering surveys/index.html.erb within layouts/application
  [1m[36mSurvey Load (0.5ms)[0m  [1m[34mSELECT "surveys".* FROM "surveys"[0m
  Rendered surveys/index.html.erb within layouts/application (3.4ms)
Completed 200 OK in 47ms (Views: 43.9ms | ActiveRecord: 0.5ms)


Started GET "/surveys/2/edit" for 127.0.0.1 at 2017-07-24 17:21:53 -0400
Processing by SurveysController#edit as HTML
  Parameters: {"id"=>"2"}
  [1m[36mSurvey Load (0.5ms)[0m  [1m[34mSELECT  "surveys".* FROM "surveys" WHERE "surveys"."id" = $1 LIMIT $2[0m  [["id", 2], ["LIMIT", 1]]
  Rendering surveys/edit.html.erb within layouts/application
  Rendered surveys/_form.html.erb (2.6ms)
  Rendered surveys/edit.html.erb within layouts/application (5.4ms)
Completed 200 OK in 39ms (Views: 33.4ms | ActiveRecord: 0.5ms)


Started PATCH "/surveys/2" for 127.0.0.1 at 2017-07-24 17:21:55 -0400
Processing by SurveysController#update as HTML
  Parameters: {"utf8"=>"✓", "authenticity_token"=>"3NEnPpYiEctEANmqi4pAj12XFapA5n3D7EiQd1TqvYD13tUe+tr4xyfm/ogSDII4x4QNejBwdlCNe+htCL1MAg==", "survey"=>{"name"=>"a", "question_text"=>"b"}, "commit"=>"Update Survey", "id"=>"2"}
  [1m[36mSurvey Load (3.4ms)[0m  [1m[34mSELECT  "surveys".* FROM "surveys" WHERE "surveys"."id" = $1 LIMIT $2[0m  [["id", 2], ["LIMIT", 1]]
  [1m[35m (3.7ms)[0m  [1m[35mBEGIN[0m
  [1m[35m (0.5ms)[0m  [1m[35mCOMMIT[0m
Redirected to http://localhost:3000/surveys/2
Completed 302 Found in 13ms (ActiveRecord: 7.6ms)


Started GET "/surveys/2" for 127.0.0.1 at 2017-07-24 17:21:55 -0400
Processing by SurveysController#show as HTML
  Parameters: {"id"=>"2"}
  [1m[36mSurvey Load (0.2ms)[0m  [1m[34mSELECT  "surveys".* FROM "surveys" WHERE "surveys"."id" = $1 LIMIT $2[0m  [["id", 2], ["LIMIT", 1]]
  Rendering surveys/show.html.erb within layouts/application
  Rendered surveys/show.html.erb within layouts/application (0.7ms)
Completed 200 OK in 29ms (Views: 25.2ms | ActiveRecord: 0.2ms)


Started GET "/surveys" for 127.0.0.1 at 2017-07-24 17:21:57 -0400
Processing by SurveysController#index as HTML
  Rendering surveys/index.html.erb within layouts/application
  [1m[36mSurvey Load (1.0ms)[0m  [1m[34mSELECT "surveys".* FROM "surveys"[0m
  Rendered surveys/index.html.erb within layouts/application (3.7ms)
Completed 200 OK in 41ms (Views: 37.7ms | ActiveRecord: 1.0ms)


Started GET "/surveys" for 127.0.0.1 at 2017-07-24 17:22:01 -0400
Processing by SurveysController#index as HTML
  Rendering surveys/index.html.erb within layouts/application
  [1m[36mSurvey Load (0.4ms)[0m  [1m[34mSELECT "surveys".* FROM "surveys"[0m
  Rendered surveys/index.html.erb within layouts/application (3.1ms)
Completed 200 OK in 22ms (Views: 20.2ms | ActiveRecord: 0.4ms)


Started GET "/surveys/2" for 127.0.0.1 at 2017-07-24 17:22:02 -0400
Processing by SurveysController#show as HTML
  Parameters: {"id"=>"2"}
  [1m[36mSurvey Load (0.5ms)[0m  [1m[34mSELECT  "surveys".* FROM "surveys" WHERE "surveys"."id" = $1 LIMIT $2[0m  [["id", 2], ["LIMIT", 1]]
  Rendering surveys/show.html.erb within layouts/application
  Rendered surveys/show.html.erb within layouts/application (1.4ms)
Completed 200 OK in 55ms (Views: 49.6ms | ActiveRecord: 0.5ms)


Started GET "/surveys" for 127.0.0.1 at 2017-07-24 17:22:04 -0400
Processing by SurveysController#index as HTML
  Rendering surveys/index.html.erb within layouts/application
  [1m[36mSurvey Load (0.5ms)[0m  [1m[34mSELECT "surveys".* FROM "surveys"[0m
  Rendered surveys/index.html.erb within layouts/application (3.4ms)
Completed 200 OK in 47ms (Views: 44.0ms | ActiveRecord: 0.5ms)


Started GET "/surveys/2" for 127.0.0.1 at 2017-07-24 17:22:05 -0400
Processing by SurveysController#show as HTML
  Parameters: {"id"=>"2"}
  [1m[36mSurvey Load (0.4ms)[0m  [1m[34mSELECT  "surveys".* FROM "surveys" WHERE "surveys"."id" = $1 LIMIT $2[0m  [["id", 2], ["LIMIT", 1]]
  Rendering surveys/show.html.erb within layouts/application
  Rendered surveys/show.html.erb within layouts/application (1.3ms)
Completed 200 OK in 44ms (Views: 38.5ms | ActiveRecord: 0.4ms)


Started GET "/surveys/2/edit" for 127.0.0.1 at 2017-07-24 17:22:06 -0400
Processing by SurveysController#edit as HTML
  Parameters: {"id"=>"2"}
  [1m[36mSurvey Load (0.3ms)[0m  [1m[34mSELECT  "surveys".* FROM "surveys" WHERE "surveys"."id" = $1 LIMIT $2[0m  [["id", 2], ["LIMIT", 1]]
  Rendering surveys/edit.html.erb within layouts/application
  Rendered surveys/_form.html.erb (4.7ms)
  Rendered surveys/edit.html.erb within layouts/application (7.7ms)
Completed 200 OK in 49ms (Views: 44.2ms | ActiveRecord: 0.3ms)


Started PATCH "/surveys/2" for 127.0.0.1 at 2017-07-24 17:22:15 -0400
Processing by SurveysController#update as HTML
  Parameters: {"utf8"=>"✓", "authenticity_token"=>"KY5LyCpOhcvtF9g07UupQFygI+Awvfpmrv/0725CO88AgbnoRrZsx47x/xZ0zWv3xrM7MEAr8fXPzIz1MhXKTQ==", "survey"=>{"name"=>"c", "question_text"=>"b"}, "commit"=>"Update Survey", "id"=>"2"}
  [1m[36mSurvey Load (0.4ms)[0m  [1m[34mSELECT  "surveys".* FROM "surveys" WHERE "surveys"."id" = $1 LIMIT $2[0m  [["id", 2], ["LIMIT", 1]]
  [1m[35m (0.5ms)[0m  [1m[35mBEGIN[0m
  [1m[35mSQL (6.4ms)[0m  [1m[33mUPDATE "surveys" SET "name" = $1, "updated_at" = $2 WHERE "surveys"."id" = $3[0m  [["name", "c"], ["updated_at", "2017-07-24 21:22:15.501538"], ["id", 2]]
  [1m[35m (5.5ms)[0m  [1m[35mCOMMIT[0m
Redirected to http://localhost:3000/surveys/2
Completed 302 Found in 18ms (ActiveRecord: 12.8ms)


Started GET "/surveys/2" for 127.0.0.1 at 2017-07-24 17:22:15 -0400
Processing by SurveysController#show as HTML
  Parameters: {"id"=>"2"}
  [1m[36mSurvey Load (0.2ms)[0m  [1m[34mSELECT  "surveys".* FROM "surveys" WHERE "surveys"."id" = $1 LIMIT $2[0m  [["id", 2], ["LIMIT", 1]]
  Rendering surveys/show.html.erb within layouts/application
  Rendered surveys/show.html.erb within layouts/application (0.5ms)
Completed 200 OK in 19ms (Views: 16.0ms | ActiveRecord: 0.2ms)


Started GET "/surveys" for 127.0.0.1 at 2017-07-24 17:22:16 -0400
Processing by SurveysController#index as HTML
  Rendering surveys/index.html.erb within layouts/application
  [1m[36mSurvey Load (0.5ms)[0m  [1m[34mSELECT "surveys".* FROM "surveys"[0m
  Rendered surveys/index.html.erb within layouts/application (5.1ms)
Completed 200 OK in 51ms (Views: 48.0ms | ActiveRecord: 0.5ms)


Started DELETE "/surveys/2" for 127.0.0.1 at 2017-07-24 17:22:19 -0400
Processing by SurveysController#destroy as HTML
  Parameters: {"authenticity_token"=>"Cgw4dUvFnohh1h00eA5hi5ZXnl7cz3q/s6hYvkU3JyzQYaPuugHQDfI4SgoyyNt+tECEahswXUR3rQRPLMJdzA==", "id"=>"2"}
  [1m[36mSurvey Load (0.8ms)[0m  [1m[34mSELECT  "surveys".* FROM "surveys" WHERE "surveys"."id" = $1 LIMIT $2[0m  [["id", 2], ["LIMIT", 1]]
  [1m[35m (0.2ms)[0m  [1m[35mBEGIN[0m
  [1m[35mSQL (0.7ms)[0m  [1m[31mDELETE FROM "surveys" WHERE "surveys"."id" = $1[0m  [["id", 2]]
  [1m[35m (6.2ms)[0m  [1m[35mCOMMIT[0m
Redirected to http://localhost:3000/surveys
Completed 302 Found in 21ms (ActiveRecord: 8.0ms)


Started GET "/surveys" for 127.0.0.1 at 2017-07-24 17:22:19 -0400
Processing by SurveysController#index as HTML
  Rendering surveys/index.html.erb within layouts/application
  [1m[36mSurvey Load (0.3ms)[0m  [1m[34mSELECT "surveys".* FROM "surveys"[0m
  Rendered surveys/index.html.erb within layouts/application (1.7ms)
Completed 200 OK in 25ms (Views: 22.6ms | ActiveRecord: 0.3ms)


